<?xml version="1.0" encoding="UTF-8"?>
<!-- Generated by org.testng.reporters.JUnitXMLReporter -->
<testsuite hostname="test" name="changepw" tests="1" failures="0" timestamp="9 Feb 2017 07:24:43 GMT" time="11.128" errors="0">
  <testcase name="@BeforeTest testStart" time="0.0" classname="com.oribo.android365.automationtest.personcenter.personinfo.ChangepwTest">
    <failure type="org.openqa.selenium.NoSuchElementException" message="An element could not be located on the page using the given search parameters. (WARNING: The server did not provide any stacktrace information)
Command duration or timeout: 5.69 seconds
For documentation on this error, please visit: http://seleniumhq.org/exceptions/no_such_element.html
Build info: version: &amp;apos;2.52.0&amp;apos;, revision: &amp;apos;4c2593c&amp;apos;, time: &amp;apos;2016-02-11 19:06:42&amp;apos;
System info: host: &amp;apos;test&amp;apos;, ip: &amp;apos;192.168.18.223&amp;apos;, os.name: &amp;apos;Windows 8.1&amp;apos;, os.arch: &amp;apos;amd64&amp;apos;, os.version: &amp;apos;6.3&amp;apos;, java.version: &amp;apos;1.8.0_31&amp;apos;
Driver info: io.appium.java_client.android.AndroidDriver
Capabilities [{app=D:\AppiumTest\orvibo_appiumtest\apps\HomeMate 2.2.0.201.apk, appPackage=com.orvibo.homemate, networkConnectionEnabled=true, setWebContentsDebuggingEnabled=true, noReset=true, noSign=true, warnings={}, databaseEnabled=false, deviceName=492c754e, platform=LINUX, appActivity=com.orvibo.homemate.common.launch.LaunchActivity, desired={app=D:\AppiumTest\orvibo_appiumtest\apps\HomeMate 2.2.0.201.apk, appPackage=com.orvibo.homemate, setWebContentsDebuggingEnabled=true, noReset=true, noSign=true, deviceName=Android Emulator, appActivity=com.orvibo.homemate.common.launch.LaunchActivity, platformVersion=6.0.1, browserName=, unicodeKeyboard=true, platformName=Android, udid=492c754e, resetKeyboard=true}, platformVersion=6.0.1, webStorageEnabled=false, locationContextEnabled=false, browserName=, takesScreenshot=true, javascriptEnabled=true, unicodeKeyboard=true, platformName=Android, udid=492c754e, resetKeyboard=true}]
Session ID: 24a3f025-816c-42e7-8138-359f8b5c3024
*** Element info: {Using=name, value=修改密码}">
      <![CDATA[org.openqa.selenium.NoSuchElementException: An element could not be located on the page using the given search parameters. (WARNING: The server did not provide any stacktrace information)
Command duration or timeout: 5.69 seconds
For documentation on this error, please visit: http://seleniumhq.org/exceptions/no_such_element.html
Build info: version: '2.52.0', revision: '4c2593c', time: '2016-02-11 19:06:42'
System info: host: 'test', ip: '192.168.18.223', os.name: 'Windows 8.1', os.arch: 'amd64', os.version: '6.3', java.version: '1.8.0_31'
Driver info: io.appium.java_client.android.AndroidDriver
Capabilities [{app=D:\AppiumTest\orvibo_appiumtest\apps\HomeMate 2.2.0.201.apk, appPackage=com.orvibo.homemate, networkConnectionEnabled=true, setWebContentsDebuggingEnabled=true, noReset=true, noSign=true, warnings={}, databaseEnabled=false, deviceName=492c754e, platform=LINUX, appActivity=com.orvibo.homemate.common.launch.LaunchActivity, desired={app=D:\AppiumTest\orvibo_appiumtest\apps\HomeMate 2.2.0.201.apk, appPackage=com.orvibo.homemate, setWebContentsDebuggingEnabled=true, noReset=true, noSign=true, deviceName=Android Emulator, appActivity=com.orvibo.homemate.common.launch.LaunchActivity, platformVersion=6.0.1, browserName=, unicodeKeyboard=true, platformName=Android, udid=492c754e, resetKeyboard=true}, platformVersion=6.0.1, webStorageEnabled=false, locationContextEnabled=false, browserName=, takesScreenshot=true, javascriptEnabled=true, unicodeKeyboard=true, platformName=Android, udid=492c754e, resetKeyboard=true}]
Session ID: 24a3f025-816c-42e7-8138-359f8b5c3024
*** Element info: {Using=name, value=修改密码}
	at org.openqa.selenium.remote.ErrorHandler.createThrowable(ErrorHandler.java:206)
	at org.openqa.selenium.remote.ErrorHandler.throwIfResponseFailed(ErrorHandler.java:158)
	at org.openqa.selenium.remote.RemoteWebDriver.execute(RemoteWebDriver.java:678)
	at io.appium.java_client.DefaultGenericMobileDriver.execute(DefaultGenericMobileDriver.java:42)
	at io.appium.java_client.AppiumDriver.execute(AppiumDriver.java:1)
	at io.appium.java_client.android.AndroidDriver.execute(AndroidDriver.java:1)
	at org.openqa.selenium.remote.RemoteWebDriver.findElement(RemoteWebDriver.java:363)
	at org.openqa.selenium.remote.RemoteWebDriver.findElementByName(RemoteWebDriver.java:461)
	at io.appium.java_client.DefaultGenericMobileDriver.findElementByName(DefaultGenericMobileDriver.java:102)
	at io.appium.java_client.AppiumDriver.findElementByName(AppiumDriver.java:1)
	at io.appium.java_client.android.AndroidDriver.findElementByName(AndroidDriver.java:1)
	at com.oribo.android365.automationtest.personcenter.personinfo.ChangepwTest.testStart(ChangepwTest.java:85)
... Removed 26 stack frames]]>
    </failure>
  </testcase> <!-- @BeforeTest testStart -->
  <testcase name="testPw" time="0.003" classname="com.oribo.android365.automationtest.personcenter.personinfo.ChangepwTest">
    <skipped/>
  </testcase> <!-- testPw -->
</testsuite> <!-- changepw -->
