<?xml version="1.0" encoding="UTF-8"?>
<!-- Generated by org.testng.reporters.JUnitXMLReporter -->
<testsuite hostname="test" name="forgetpw" tests="1" failures="0" timestamp="9 Feb 2017 02:00:38 GMT" time="16.407" errors="0">
  <testcase name="@BeforeTest setUp" time="0.0" classname="com.oribo.android365.automationtest.personcenter.personinfo.ForgetPwTest">
    <failure type="org.openqa.selenium.NoSuchElementException" message="An element could not be located on the page using the given search parameters. (WARNING: The server did not provide any stacktrace information)
Command duration or timeout: 6.08 seconds
For documentation on this error, please visit: http://seleniumhq.org/exceptions/no_such_element.html
Build info: version: &amp;apos;2.52.0&amp;apos;, revision: &amp;apos;4c2593c&amp;apos;, time: &amp;apos;2016-02-11 19:06:42&amp;apos;
System info: host: &amp;apos;test&amp;apos;, ip: &amp;apos;192.168.18.223&amp;apos;, os.name: &amp;apos;Windows 8.1&amp;apos;, os.arch: &amp;apos;amd64&amp;apos;, os.version: &amp;apos;6.3&amp;apos;, java.version: &amp;apos;1.8.0_31&amp;apos;
Driver info: io.appium.java_client.android.AndroidDriver
Capabilities [{app=D:\AppiumTest\orvibo_appiumtest\apps\HomeMate 2.2.0.201.apk, appPackage=com.orvibo.homemate, networkConnectionEnabled=true, setWebContentsDebuggingEnabled=true, noReset=true, noSign=true, warnings={}, databaseEnabled=false, deviceName=492c754e, platform=LINUX, appActivity=com.orvibo.homemate.common.launch.LaunchActivity, desired={app=D:\AppiumTest\orvibo_appiumtest\apps\HomeMate 2.2.0.201.apk, appPackage=com.orvibo.homemate, setWebContentsDebuggingEnabled=true, noReset=true, noSign=true, deviceName=Android Emulator, appActivity=com.orvibo.homemate.common.launch.LaunchActivity, platformVersion=6.0.1, browserName=, unicodeKeyboard=true, platformName=Android, udid=492c754e, resetKeyboard=true}, platformVersion=6.0.1, webStorageEnabled=false, locationContextEnabled=false, browserName=, takesScreenshot=true, javascriptEnabled=true, unicodeKeyboard=true, platformName=Android, udid=492c754e, resetKeyboard=true}]
Session ID: caf4ef00-fd0d-4816-88fe-4a5935311ee2
*** Element info: {Using=id, value=com.orvibo.homemate:id/iv_personal_user_icon}">
      <![CDATA[org.openqa.selenium.NoSuchElementException: An element could not be located on the page using the given search parameters. (WARNING: The server did not provide any stacktrace information)
Command duration or timeout: 6.08 seconds
For documentation on this error, please visit: http://seleniumhq.org/exceptions/no_such_element.html
Build info: version: '2.52.0', revision: '4c2593c', time: '2016-02-11 19:06:42'
System info: host: 'test', ip: '192.168.18.223', os.name: 'Windows 8.1', os.arch: 'amd64', os.version: '6.3', java.version: '1.8.0_31'
Driver info: io.appium.java_client.android.AndroidDriver
Capabilities [{app=D:\AppiumTest\orvibo_appiumtest\apps\HomeMate 2.2.0.201.apk, appPackage=com.orvibo.homemate, networkConnectionEnabled=true, setWebContentsDebuggingEnabled=true, noReset=true, noSign=true, warnings={}, databaseEnabled=false, deviceName=492c754e, platform=LINUX, appActivity=com.orvibo.homemate.common.launch.LaunchActivity, desired={app=D:\AppiumTest\orvibo_appiumtest\apps\HomeMate 2.2.0.201.apk, appPackage=com.orvibo.homemate, setWebContentsDebuggingEnabled=true, noReset=true, noSign=true, deviceName=Android Emulator, appActivity=com.orvibo.homemate.common.launch.LaunchActivity, platformVersion=6.0.1, browserName=, unicodeKeyboard=true, platformName=Android, udid=492c754e, resetKeyboard=true}, platformVersion=6.0.1, webStorageEnabled=false, locationContextEnabled=false, browserName=, takesScreenshot=true, javascriptEnabled=true, unicodeKeyboard=true, platformName=Android, udid=492c754e, resetKeyboard=true}]
Session ID: caf4ef00-fd0d-4816-88fe-4a5935311ee2
*** Element info: {Using=id, value=com.orvibo.homemate:id/iv_personal_user_icon}
	at org.openqa.selenium.remote.ErrorHandler.createThrowable(ErrorHandler.java:206)
	at org.openqa.selenium.remote.ErrorHandler.throwIfResponseFailed(ErrorHandler.java:158)
	at org.openqa.selenium.remote.RemoteWebDriver.execute(RemoteWebDriver.java:678)
	at io.appium.java_client.DefaultGenericMobileDriver.execute(DefaultGenericMobileDriver.java:42)
	at io.appium.java_client.AppiumDriver.execute(AppiumDriver.java:1)
	at io.appium.java_client.android.AndroidDriver.execute(AndroidDriver.java:1)
	at org.openqa.selenium.remote.RemoteWebDriver.findElement(RemoteWebDriver.java:363)
	at org.openqa.selenium.remote.RemoteWebDriver.findElementById(RemoteWebDriver.java:413)
	at io.appium.java_client.DefaultGenericMobileDriver.findElementById(DefaultGenericMobileDriver.java:62)
	at io.appium.java_client.AppiumDriver.findElementById(AppiumDriver.java:1)
	at io.appium.java_client.android.AndroidDriver.findElementById(AndroidDriver.java:1)
	at com.oribo.android365.automationtest.FindEelement.findByIdClick(FindEelement.java:15)
	at com.oribo.android365.automationtest.personcenter.personinfo.ForgetPwTest.setUp(ForgetPwTest.java:108)
... Removed 26 stack frames]]>
    </failure>
  </testcase> <!-- @BeforeTest setUp -->
  <testcase name="testPhone" time="0.002" classname="com.oribo.android365.automationtest.personcenter.personinfo.ForgetPwTest">
    <skipped/>
  </testcase> <!-- testPhone -->
</testsuite> <!-- forgetpw -->
