<?xml version="1.0" encoding="UTF-8"?>
<!-- Generated by org.testng.reporters.JUnitXMLReporter -->
<testsuite hostname="2016-20170509XS" ignored="0" name="init" tests="3" failures="1" timestamp="31 七月 2017 03:42:32 GMT" time="137.424" errors="0">
  <testcase name="defaltHomePage" time="3.319" classname="com.icarbonx.testcase.MeWoTestCase">
    <skipped/>
  </testcase> <!-- defaltHomePage -->
  <testcase name="defaltHomePage" time="30.467" classname="com.icarbonx.testcase.MeWoTestCase">
    <skipped/>
  </testcase> <!-- defaltHomePage -->
  <testcase name="defaltHomePage" time="30.081" classname="com.icarbonx.testcase.MeWoTestCase">
    <failure type="org.openqa.selenium.NoSuchElementException" message="An element could not be located on the page using the given search parameters. (WARNING: The server did not provide any stacktrace information)
Command duration or timeout: 30.06 seconds
For documentation on this error, please visit: http://seleniumhq.org/exceptions/no_such_element.html
Build info: version: &amp;apos;2.52.0&amp;apos;, revision: &amp;apos;4c2593c&amp;apos;, time: &amp;apos;2016-02-11 19:06:42&amp;apos;
System info: host: &amp;apos;2016-20170509XS&amp;apos;, ip: &amp;apos;10.0.10.37&amp;apos;, os.name: &amp;apos;Windows 7&amp;apos;, os.arch: &amp;apos;amd64&amp;apos;, os.version: &amp;apos;6.1&amp;apos;, java.version: &amp;apos;1.8.0_131&amp;apos;
Driver info: io.appium.java_client.android.AndroidDriver
Capabilities [{appPackage=com.android.mms, noReset=true, deviceName=CQG64DOJCUBAV86S, platform=LINUX, deviceUDID=CQG64DOJCUBAV86S, desired={appPackage=com.android.mms, setWebContentsDebuggingEnabled=True, noReset=true, noSign=true, deviceName=Android Emulator, appActivity=.ui.ConversationList, browserName=, unicodeKeyboard=true, sessionOverride=true, platformName=Android, udid=CQG64DOJCUBAV86S, device=Selendroid, resetKeyboard=true}, platformVersion=6.0, webStorageEnabled=false, takesScreenshot=true, browserName=, javascriptEnabled=true, unicodeKeyboard=true, platformName=Android, udid=CQG64DOJCUBAV86S, deviceManufacturer=vivo, resetKeyboard=true, deviceScreenSize=720x1280, networkConnectionEnabled=true, setWebContentsDebuggingEnabled=True, noSign=true, warnings={}, databaseEnabled=false, appActivity=.ui.ConversationList, locationContextEnabled=false, deviceModel=vivo Y67, sessionOverride=true, device=Selendroid}]
Session ID: 11fb13d2-713d-4b04-a7d7-96844a055588
*** Element info: {Using=id, value=com.android.mms:id/importcloud}">
      <![CDATA[org.openqa.selenium.NoSuchElementException: An element could not be located on the page using the given search parameters. (WARNING: The server did not provide any stacktrace information)
Command duration or timeout: 30.06 seconds
For documentation on this error, please visit: http://seleniumhq.org/exceptions/no_such_element.html
Build info: version: '2.52.0', revision: '4c2593c', time: '2016-02-11 19:06:42'
System info: host: '2016-20170509XS', ip: '10.0.10.37', os.name: 'Windows 7', os.arch: 'amd64', os.version: '6.1', java.version: '1.8.0_131'
Driver info: io.appium.java_client.android.AndroidDriver
Capabilities [{appPackage=com.android.mms, noReset=true, deviceName=CQG64DOJCUBAV86S, platform=LINUX, deviceUDID=CQG64DOJCUBAV86S, desired={appPackage=com.android.mms, setWebContentsDebuggingEnabled=True, noReset=true, noSign=true, deviceName=Android Emulator, appActivity=.ui.ConversationList, browserName=, unicodeKeyboard=true, sessionOverride=true, platformName=Android, udid=CQG64DOJCUBAV86S, device=Selendroid, resetKeyboard=true}, platformVersion=6.0, webStorageEnabled=false, takesScreenshot=true, browserName=, javascriptEnabled=true, unicodeKeyboard=true, platformName=Android, udid=CQG64DOJCUBAV86S, deviceManufacturer=vivo, resetKeyboard=true, deviceScreenSize=720x1280, networkConnectionEnabled=true, setWebContentsDebuggingEnabled=True, noSign=true, warnings={}, databaseEnabled=false, appActivity=.ui.ConversationList, locationContextEnabled=false, deviceModel=vivo Y67, sessionOverride=true, device=Selendroid}]
Session ID: 11fb13d2-713d-4b04-a7d7-96844a055588
*** Element info: {Using=id, value=com.android.mms:id/importcloud}
	at org.openqa.selenium.remote.ErrorHandler.createThrowable(ErrorHandler.java:206)
	at org.openqa.selenium.remote.ErrorHandler.throwIfResponseFailed(ErrorHandler.java:158)
	at org.openqa.selenium.remote.RemoteWebDriver.execute(RemoteWebDriver.java:678)
	at io.appium.java_client.DefaultGenericMobileDriver.execute(DefaultGenericMobileDriver.java:42)
	at io.appium.java_client.AppiumDriver.execute(AppiumDriver.java:1)
	at io.appium.java_client.android.AndroidDriver.execute(AndroidDriver.java:1)
	at org.openqa.selenium.remote.RemoteWebDriver.findElement(RemoteWebDriver.java:363)
	at io.appium.java_client.DefaultGenericMobileDriver.findElement(DefaultGenericMobileDriver.java:62)
	at io.appium.java_client.AppiumDriver.findElement(AppiumDriver.java:1)
	at io.appium.java_client.android.AndroidDriver.findElement(AndroidDriver.java:1)
	at org.openqa.selenium.remote.RemoteWebDriver.findElementById(RemoteWebDriver.java:413)
	at io.appium.java_client.DefaultGenericMobileDriver.findElementById(DefaultGenericMobileDriver.java:70)
	at io.appium.java_client.AppiumDriver.findElementById(AppiumDriver.java:1)
	at io.appium.java_client.android.AndroidDriver.findElementById(AndroidDriver.java:1)
	at org.openqa.selenium.By$ById.findElement(By.java:218)
	at org.openqa.selenium.remote.RemoteWebDriver.findElement(RemoteWebDriver.java:355)
	at io.appium.java_client.DefaultGenericMobileDriver.findElement(DefaultGenericMobileDriver.java:58)
	at io.appium.java_client.AppiumDriver.findElement(AppiumDriver.java:1)
	at io.appium.java_client.android.AndroidDriver.findElement(AndroidDriver.java:1)
	at org.openqa.selenium.support.pagefactory.DefaultElementLocator.findElement(DefaultElementLocator.java:69)
	at org.openqa.selenium.support.pagefactory.internal.LocatingElementHandler.invoke(LocatingElementHandler.java:38)
	at com.sun.proxy.$Proxy9.click(Unknown Source)
	at com.icarbonx.testcase.MeWoTestCase.click(MeWoTestCase.java:60)
	at com.icarbonx.testcase.MeWoTestCase.defaltHomePage(MeWoTestCase.java:73)
... Removed 29 stack frames]]>
    </failure>
  </testcase> <!-- defaltHomePage -->
</testsuite> <!-- init -->
