<?xml version="1.0" encoding="UTF-8"?>
<!-- Generated by org.testng.reporters.JUnitReportReporter -->
<testsuite skipped="2" hostname="2016-20170509XS" name="com.icarbonx.testcase.MeWoTestCase" tests="3" failures="0" timestamp="31 七月 2017 03:42:32 GMT" time="63.867" errors="1">
  <testcase name="defaltHomePage" time="30.081" classname="com.icarbonx.testcase.MeWoTestCase">
    <error type="org.openqa.selenium.NoSuchElementException" message="An element could not be located on the page using the given search parameters. (WARNING: The server did not provide any stacktrace information)
Command duration or timeout: 30.06 seconds
For documentation on this error, please visit: http://seleniumhq.org/exceptions/no_such_element.html
Build info: version: &#039;2.52.0&#039;, revision: &#039;4c2593c&#039;, time: &#039;2016-02-11 19:06:42&#039;
System info: host: &#039;2016-20170509XS&#039;, ip: &#039;10.0.10.37&#039;, os.name: &#039;Windows 7&#039;, os.arch: &#039;amd64&#039;, os.version: &#039;6.1&#039;, java.version: &#039;1.8.0_131&#039;
Driver info: io.appium.java_client.android.AndroidDriver
Capabilities [{appPackage=com.android.mms, noReset=true, deviceName=CQG64DOJCUBAV86S, platform=LINUX, deviceUDID=CQG64DOJCUBAV86S, desired={appPackage=com.android.mms, setWebContentsDebuggingEnabled=True, noReset=true, noSign=true, deviceName=Android Emulator, appActivity=.ui.ConversationList, browserName=, unicodeKeyboard=true, sessionOverride=true, platformName=Android, udid=CQG64DOJCUBAV86S, device=Selendroid, resetKeyboard=true}, platformVersion=6.0, webStorageEnabled=false, takesScreenshot=true, browserName=, javascriptEnabled=true, unicodeKeyboard=true, platformName=Android, udid=CQG64DOJCUBAV86S, deviceManufacturer=vivo, resetKeyboard=true, deviceScreenSize=720x1280, networkConnectionEnabled=true, setWebContentsDebuggingEnabled=True, noSign=true, warnings={}, databaseEnabled=false, appActivity=.ui.ConversationList, locationContextEnabled=false, deviceModel=vivo Y67, sessionOverride=true, device=Selendroid}]
Session ID: 11fb13d2-713d-4b04-a7d7-96844a055588
*** Element info: {Using=id, value=com.android.mms:id/importcloud}">
      <![CDATA[org.openqa.selenium.NoSuchElementException: An element could not be located on the page using the given search parameters. (WARNING: The server did not provide any stacktrace information)
Command duration or timeout: 30.06 seconds
For documentation on this error, please visit: http://seleniumhq.org/exceptions/no_such_element.html
Build info: version: '2.52.0', revision: '4c2593c', time: '2016-02-11 19:06:42'
System info: host: '2016-20170509XS', ip: '10.0.10.37', os.name: 'Windows 7', os.arch: 'amd64', os.version: '6.1', java.version: '1.8.0_131'
Driver info: io.appium.java_client.android.AndroidDriver
Capabilities [{appPackage=com.android.mms, noReset=true, deviceName=CQG64DOJCUBAV86S, platform=LINUX, deviceUDID=CQG64DOJCUBAV86S, desired={appPackage=com.android.mms, setWebContentsDebuggingEnabled=True, noReset=true, noSign=true, deviceName=Android Emulator, appActivity=.ui.ConversationList, browserName=, unicodeKeyboard=true, sessionOverride=true, platformName=Android, udid=CQG64DOJCUBAV86S, device=Selendroid, resetKeyboard=true}, platformVersion=6.0, webStorageEnabled=false, takesScreenshot=true, browserName=, javascriptEnabled=true, unicodeKeyboard=true, platformName=Android, udid=CQG64DOJCUBAV86S, deviceManufacturer=vivo, resetKeyboard=true, deviceScreenSize=720x1280, networkConnectionEnabled=true, setWebContentsDebuggingEnabled=True, noSign=true, warnings={}, databaseEnabled=false, appActivity=.ui.ConversationList, locationContextEnabled=false, deviceModel=vivo Y67, sessionOverride=true, device=Selendroid}]
Session ID: 11fb13d2-713d-4b04-a7d7-96844a055588
*** Element info: {Using=id, value=com.android.mms:id/importcloud}
	at sun.reflect.NativeConstructorAccessorImpl.newInstance0(Native Method)
	at sun.reflect.NativeConstructorAccessorImpl.newInstance(NativeConstructorAccessorImpl.java:62)
	at sun.reflect.DelegatingConstructorAccessorImpl.newInstance(DelegatingConstructorAccessorImpl.java:45)
	at java.lang.reflect.Constructor.newInstance(Constructor.java:423)
	at org.openqa.selenium.remote.ErrorHandler.createThrowable(ErrorHandler.java:206)
	at org.openqa.selenium.remote.ErrorHandler.throwIfResponseFailed(ErrorHandler.java:158)
	at org.openqa.selenium.remote.RemoteWebDriver.execute(RemoteWebDriver.java:678)
	at io.appium.java_client.DefaultGenericMobileDriver.execute(DefaultGenericMobileDriver.java:42)
	at io.appium.java_client.AppiumDriver.execute(AppiumDriver.java:1)
	at io.appium.java_client.android.AndroidDriver.execute(AndroidDriver.java:1)
	at org.openqa.selenium.remote.RemoteWebDriver.findElement(RemoteWebDriver.java:363)
	at io.appium.java_client.DefaultGenericMobileDriver.findElement(DefaultGenericMobileDriver.java:62)
	at io.appium.java_client.AppiumDriver.findElement(AppiumDriver.java:1)
	at io.appium.java_client.android.AndroidDriver.findElement(AndroidDriver.java:1)
	at org.openqa.selenium.remote.RemoteWebDriver.findElementById(RemoteWebDriver.java:413)
	at io.appium.java_client.DefaultGenericMobileDriver.findElementById(DefaultGenericMobileDriver.java:70)
	at io.appium.java_client.AppiumDriver.findElementById(AppiumDriver.java:1)
	at io.appium.java_client.android.AndroidDriver.findElementById(AndroidDriver.java:1)
	at org.openqa.selenium.By$ById.findElement(By.java:218)
	at org.openqa.selenium.remote.RemoteWebDriver.findElement(RemoteWebDriver.java:355)
	at io.appium.java_client.DefaultGenericMobileDriver.findElement(DefaultGenericMobileDriver.java:58)
	at io.appium.java_client.AppiumDriver.findElement(AppiumDriver.java:1)
	at io.appium.java_client.android.AndroidDriver.findElement(AndroidDriver.java:1)
	at org.openqa.selenium.support.pagefactory.DefaultElementLocator.findElement(DefaultElementLocator.java:69)
	at org.openqa.selenium.support.pagefactory.internal.LocatingElementHandler.invoke(LocatingElementHandler.java:38)
	at com.sun.proxy.$Proxy9.click(Unknown Source)
	at com.icarbonx.testcase.MeWoTestCase.click(MeWoTestCase.java:60)
	at com.icarbonx.testcase.MeWoTestCase.defaltHomePage(MeWoTestCase.java:73)
	at sun.reflect.NativeMethodAccessorImpl.invoke0(Native Method)
	at sun.reflect.NativeMethodAccessorImpl.invoke(NativeMethodAccessorImpl.java:62)
	at sun.reflect.DelegatingMethodAccessorImpl.invoke(DelegatingMethodAccessorImpl.java:43)
	at java.lang.reflect.Method.invoke(Method.java:498)
	at org.testng.internal.MethodInvocationHelper.invokeMethod(MethodInvocationHelper.java:108)
	at org.testng.internal.Invoker.invokeMethod(Invoker.java:661)
	at org.testng.internal.Invoker.retryFailed(Invoker.java:1014)
	at org.testng.internal.Invoker.invokeTestMethods(Invoker.java:1215)
	at org.testng.internal.TestMethodWorker.invokeTestMethods(TestMethodWorker.java:126)
	at org.testng.internal.TestMethodWorker.run(TestMethodWorker.java:109)
	at org.testng.TestRunner.privateRun(TestRunner.java:744)
	at org.testng.TestRunner.run(TestRunner.java:602)
	at org.testng.SuiteRunner.runTest(SuiteRunner.java:380)
	at org.testng.SuiteRunner.runSequentially(SuiteRunner.java:375)
	at org.testng.SuiteRunner.privateRun(SuiteRunner.java:340)
	at org.testng.SuiteRunner.run(SuiteRunner.java:289)
	at org.testng.SuiteRunnerWorker.runSuite(SuiteRunnerWorker.java:52)
	at org.testng.SuiteRunnerWorker.run(SuiteRunnerWorker.java:86)
	at org.testng.TestNG.runSuitesSequentially(TestNG.java:1301)
	at org.testng.TestNG.runSuitesLocally(TestNG.java:1226)
	at org.testng.TestNG.runSuites(TestNG.java:1144)
	at org.testng.TestNG.run(TestNG.java:1115)
	at org.testng.remote.AbstractRemoteTestNG.run(AbstractRemoteTestNG.java:132)
	at org.testng.remote.RemoteTestNG.initAndRun(RemoteTestNG.java:230)
	at org.testng.remote.RemoteTestNG.main(RemoteTestNG.java:76)
]]>
    </error>
  </testcase> <!-- defaltHomePage -->
  <testcase name="defaltHomePage" time="30.467" classname="com.icarbonx.testcase.MeWoTestCase">
    <skipped/>
  </testcase> <!-- defaltHomePage -->
  <testcase name="defaltHomePage" time="3.319" classname="com.icarbonx.testcase.MeWoTestCase">
    <skipped/>
  </testcase> <!-- defaltHomePage -->
</testsuite> <!-- com.icarbonx.testcase.MeWoTestCase -->
