<?xml version="1.0" encoding="UTF-8"?>
<!-- Generated by org.testng.reporters.JUnitReportReporter -->
<testsuite hostname="test" name="com.oribo.android365.automationtest.personcenter.personinfo.NickNameTest" tests="1" failures="0" timestamp="9 Feb 2017 02:00:38 GMT" time="0.003" errors="1">
  <testcase name="test" time="0.003" classname="com.oribo.android365.automationtest.personcenter.personinfo.NickNameTest">
    <error type="org.openqa.selenium.NoSuchElementException" message="An element could not be located on the page using the given search parameters. (WARNING: The server did not provide any stacktrace information)
Command duration or timeout: 6.08 seconds
For documentation on this error, please visit: http://seleniumhq.org/exceptions/no_such_element.html
Build info: version: &#039;2.52.0&#039;, revision: &#039;4c2593c&#039;, time: &#039;2016-02-11 19:06:42&#039;
System info: host: &#039;test&#039;, ip: &#039;192.168.18.223&#039;, os.name: &#039;Windows 8.1&#039;, os.arch: &#039;amd64&#039;, os.version: &#039;6.3&#039;, java.version: &#039;1.8.0_31&#039;
Driver info: io.appium.java_client.android.AndroidDriver
Capabilities [{app=D:\AppiumTest\orvibo_appiumtest\apps\HomeMate 2.2.0.201.apk, appPackage=com.orvibo.homemate, networkConnectionEnabled=true, setWebContentsDebuggingEnabled=true, noReset=true, noSign=true, warnings={}, databaseEnabled=false, deviceName=492c754e, platform=LINUX, appActivity=com.orvibo.homemate.common.launch.LaunchActivity, desired={app=D:\AppiumTest\orvibo_appiumtest\apps\HomeMate 2.2.0.201.apk, appPackage=com.orvibo.homemate, setWebContentsDebuggingEnabled=true, noReset=true, noSign=true, deviceName=Android Emulator, appActivity=com.orvibo.homemate.common.launch.LaunchActivity, platformVersion=6.0.1, browserName=, unicodeKeyboard=true, platformName=Android, udid=492c754e, resetKeyboard=true}, platformVersion=6.0.1, webStorageEnabled=false, locationContextEnabled=false, browserName=, takesScreenshot=true, javascriptEnabled=true, unicodeKeyboard=true, platformName=Android, udid=492c754e, resetKeyboard=true}]
Session ID: caf4ef00-fd0d-4816-88fe-4a5935311ee2
*** Element info: {Using=id, value=com.orvibo.homemate:id/iv_personal_user_icon}">
      <![CDATA[org.openqa.selenium.NoSuchElementException: An element could not be located on the page using the given search parameters. (WARNING: The server did not provide any stacktrace information)
Command duration or timeout: 6.08 seconds
For documentation on this error, please visit: http://seleniumhq.org/exceptions/no_such_element.html
Build info: version: '2.52.0', revision: '4c2593c', time: '2016-02-11 19:06:42'
System info: host: 'test', ip: '192.168.18.223', os.name: 'Windows 8.1', os.arch: 'amd64', os.version: '6.3', java.version: '1.8.0_31'
Driver info: io.appium.java_client.android.AndroidDriver
Capabilities [{app=D:\AppiumTest\orvibo_appiumtest\apps\HomeMate 2.2.0.201.apk, appPackage=com.orvibo.homemate, networkConnectionEnabled=true, setWebContentsDebuggingEnabled=true, noReset=true, noSign=true, warnings={}, databaseEnabled=false, deviceName=492c754e, platform=LINUX, appActivity=com.orvibo.homemate.common.launch.LaunchActivity, desired={app=D:\AppiumTest\orvibo_appiumtest\apps\HomeMate 2.2.0.201.apk, appPackage=com.orvibo.homemate, setWebContentsDebuggingEnabled=true, noReset=true, noSign=true, deviceName=Android Emulator, appActivity=com.orvibo.homemate.common.launch.LaunchActivity, platformVersion=6.0.1, browserName=, unicodeKeyboard=true, platformName=Android, udid=492c754e, resetKeyboard=true}, platformVersion=6.0.1, webStorageEnabled=false, locationContextEnabled=false, browserName=, takesScreenshot=true, javascriptEnabled=true, unicodeKeyboard=true, platformName=Android, udid=492c754e, resetKeyboard=true}]
Session ID: caf4ef00-fd0d-4816-88fe-4a5935311ee2
*** Element info: {Using=id, value=com.orvibo.homemate:id/iv_personal_user_icon}
	at sun.reflect.NativeConstructorAccessorImpl.newInstance0(Native Method)
	at sun.reflect.NativeConstructorAccessorImpl.newInstance(Unknown Source)
	at sun.reflect.DelegatingConstructorAccessorImpl.newInstance(Unknown Source)
	at java.lang.reflect.Constructor.newInstance(Unknown Source)
	at org.openqa.selenium.remote.ErrorHandler.createThrowable(ErrorHandler.java:206)
	at org.openqa.selenium.remote.ErrorHandler.throwIfResponseFailed(ErrorHandler.java:158)
	at org.openqa.selenium.remote.RemoteWebDriver.execute(RemoteWebDriver.java:678)
	at io.appium.java_client.DefaultGenericMobileDriver.execute(DefaultGenericMobileDriver.java:42)
	at io.appium.java_client.AppiumDriver.execute(AppiumDriver.java:1)
	at io.appium.java_client.android.AndroidDriver.execute(AndroidDriver.java:1)
	at org.openqa.selenium.remote.RemoteWebDriver.findElement(RemoteWebDriver.java:363)
	at org.openqa.selenium.remote.RemoteWebDriver.findElementById(RemoteWebDriver.java:413)
	at io.appium.java_client.DefaultGenericMobileDriver.findElementById(DefaultGenericMobileDriver.java:62)
	at io.appium.java_client.AppiumDriver.findElementById(AppiumDriver.java:1)
	at io.appium.java_client.android.AndroidDriver.findElementById(AndroidDriver.java:1)
	at com.oribo.android365.automationtest.FindEelement.findByIdClick(FindEelement.java:15)
	at com.oribo.android365.automationtest.personcenter.personinfo.ForgetPwTest.setUp(ForgetPwTest.java:108)
	at sun.reflect.NativeMethodAccessorImpl.invoke0(Native Method)
	at sun.reflect.NativeMethodAccessorImpl.invoke(Unknown Source)
	at sun.reflect.DelegatingMethodAccessorImpl.invoke(Unknown Source)
	at java.lang.reflect.Method.invoke(Unknown Source)
	at org.testng.internal.MethodInvocationHelper.invokeMethod(MethodInvocationHelper.java:85)
	at org.testng.internal.Invoker.invokeConfigurationMethod(Invoker.java:510)
	at org.testng.internal.Invoker.invokeConfigurations(Invoker.java:211)
	at org.testng.internal.Invoker.invokeConfigurations(Invoker.java:138)
	at org.testng.TestRunner.beforeRun(TestRunner.java:648)
	at org.testng.TestRunner.run(TestRunner.java:616)
	at org.testng.SuiteRunner.runTest(SuiteRunner.java:359)
	at org.testng.SuiteRunner.runSequentially(SuiteRunner.java:354)
	at org.testng.SuiteRunner.privateRun(SuiteRunner.java:312)
	at org.testng.SuiteRunner.run(SuiteRunner.java:261)
	at org.testng.SuiteRunnerWorker.runSuite(SuiteRunnerWorker.java:52)
	at org.testng.SuiteRunnerWorker.run(SuiteRunnerWorker.java:86)
	at org.testng.TestNG.runSuitesSequentially(TestNG.java:1215)
	at org.testng.TestNG.runSuitesLocally(TestNG.java:1140)
	at org.testng.TestNG.run(TestNG.java:1048)
	at org.testng.remote.AbstractRemoteTestNG.run(AbstractRemoteTestNG.java:132)
	at org.testng.remote.RemoteTestNG.initAndRun(RemoteTestNG.java:236)
	at org.testng.remote.RemoteTestNG.main(RemoteTestNG.java:81)
]]>
    </error>
  </testcase> <!-- test -->
</testsuite> <!-- com.oribo.android365.automationtest.personcenter.personinfo.NickNameTest -->
