<?xml version="1.0" encoding="UTF-8"?>
<!-- Generated by org.testng.reporters.JUnitReportReporter -->
<testsuite name="com.oribo.android365.testcase.Initializtion" tests="2" time="0.000" ignored="3" failures="0" timestamp="22 三月 2017 08:08:36 GMT" skipped="0" hostname="test" errors="2">
  <testcase name="afterSuite" time="0.000" classname="com.oribo.android365.testcase.Initializtion">
    <error type="java.lang.IndexOutOfBoundsException" message="Index: 0, Size: 0">
      <![CDATA[java.lang.IndexOutOfBoundsException: Index: 0, Size: 0
	at java.util.ArrayList.rangeCheck(Unknown Source)
	at java.util.ArrayList.get(Unknown Source)
	at com.oribo.common.ToolFunctions.setinputmethod(ToolFunctions.java:568)
	at com.oribo.android365.testcase.Initializtion.afterSuite(Initializtion.java:62)
	at sun.reflect.NativeMethodAccessorImpl.invoke0(Native Method)
	at sun.reflect.NativeMethodAccessorImpl.invoke(Unknown Source)
	at sun.reflect.DelegatingMethodAccessorImpl.invoke(Unknown Source)
	at java.lang.reflect.Method.invoke(Unknown Source)
	at org.testng.internal.MethodInvocationHelper.invokeMethod(MethodInvocationHelper.java:104)
	at org.testng.internal.Invoker.invokeConfigurationMethod(Invoker.java:515)
	at org.testng.internal.Invoker.invokeConfigurations(Invoker.java:217)
	at org.testng.internal.Invoker.invokeConfigurations(Invoker.java:144)
	at org.testng.SuiteRunner.privateRun(SuiteRunner.java:357)
	at org.testng.SuiteRunner.run(SuiteRunner.java:289)
	at org.testng.SuiteRunnerWorker.runSuite(SuiteRunnerWorker.java:52)
	at org.testng.SuiteRunnerWorker.run(SuiteRunnerWorker.java:86)
	at org.testng.TestNG.runSuitesSequentially(TestNG.java:1293)
	at org.testng.TestNG.runSuitesLocally(TestNG.java:1218)
	at org.testng.TestNG.runSuites(TestNG.java:1133)
	at org.testng.TestNG.run(TestNG.java:1104)
	at org.testng.remote.AbstractRemoteTestNG.run(AbstractRemoteTestNG.java:132)
	at org.testng.remote.RemoteTestNG.initAndRun(RemoteTestNG.java:236)
	at org.testng.remote.RemoteTestNG.main(RemoteTestNG.java:81)
]]>
    </error>
  </testcase> <!-- afterSuite -->
  <testcase name="beforeSuit" time="0.000" classname="com.oribo.android365.testcase.Initializtion">
    <error type="org.testng.TestNGException" message="
Parameter &#039;port&#039; is required by BeforeSuite on method beforeSuit but has not been marked @Optional or defined
in D:\eclipse-jee-mars-R-win32-x86_64\workplace\oriboAppiumTest\orvibo_appiumtest\src\RunTestCase.xml">
      <![CDATA[org.testng.TestNGException: 
Parameter 'port' is required by BeforeSuite on method beforeSuit but has not been marked @Optional or defined
in D:\eclipse-jee-mars-R-win32-x86_64\workplace\oriboAppiumTest\orvibo_appiumtest\src\RunTestCase.xml
	at org.testng.internal.Parameters.createParameters(Parameters.java:199)
	at org.testng.internal.Parameters.createParameters(Parameters.java:443)
	at org.testng.internal.Parameters.createConfigurationParameters(Parameters.java:118)
	at org.testng.internal.Invoker.invokeConfigurations(Invoker.java:203)
	at org.testng.internal.Invoker.invokeConfigurations(Invoker.java:144)
	at org.testng.SuiteRunner.privateRun(SuiteRunner.java:326)
	at org.testng.SuiteRunner.run(SuiteRunner.java:289)
	at org.testng.SuiteRunnerWorker.runSuite(SuiteRunnerWorker.java:52)
	at org.testng.SuiteRunnerWorker.run(SuiteRunnerWorker.java:86)
	at org.testng.TestNG.runSuitesSequentially(TestNG.java:1293)
	at org.testng.TestNG.runSuitesLocally(TestNG.java:1218)
	at org.testng.TestNG.runSuites(TestNG.java:1133)
	at org.testng.TestNG.run(TestNG.java:1104)
	at org.testng.remote.AbstractRemoteTestNG.run(AbstractRemoteTestNG.java:132)
	at org.testng.remote.RemoteTestNG.initAndRun(RemoteTestNG.java:236)
	at org.testng.remote.RemoteTestNG.main(RemoteTestNG.java:81)
]]>
    </error>
  </testcase> <!-- beforeSuit -->
  <testcase name="checkdefaultphoto" classname="com.oribo.android365.testcase.Personcenter">
    <skipped/>
  </testcase> <!-- checkdefaultphoto -->
  <testcase name="modifypassword" classname="com.oribo.android365.testcase.Personcenter">
    <skipped/>
  </testcase> <!-- modifypassword -->
  <testcase name="ClickMore" classname="com.oribo.android365.testcase.PersoncenterWithdb">
    <skipped/>
  </testcase> <!-- ClickMore -->
</testsuite> <!-- com.oribo.android365.testcase.Initializtion -->
