<?xml version="1.0" encoding="UTF-8"?>
<!-- Generated by org.testng.reporters.JUnitReportReporter -->
<testsuite name="com.oribo.android365.testcase.StartAppiumTest" tests="3" time="0.078" ignored="0" failures="0" timestamp="20 二月 2017 05:32:15 GMT" skipped="1" hostname="test" errors="2">
  <testcase name="afterClass" time="0.000" classname="com.oribo.android365.testcase.StartAppiumTest">
    <error type="java.lang.NullPointerException">
      <![CDATA[java.lang.NullPointerException
	at com.oribo.android365.testcase.StartAppiumTest.afterClass(StartAppiumTest.java:111)
	at sun.reflect.NativeMethodAccessorImpl.invoke0(Native Method)
	at sun.reflect.NativeMethodAccessorImpl.invoke(Unknown Source)
	at sun.reflect.DelegatingMethodAccessorImpl.invoke(Unknown Source)
	at java.lang.reflect.Method.invoke(Unknown Source)
	at org.testng.internal.MethodInvocationHelper.invokeMethod(MethodInvocationHelper.java:104)
	at org.testng.internal.Invoker.invokeConfigurationMethod(Invoker.java:515)
	at org.testng.internal.Invoker.invokeConfigurations(Invoker.java:217)
	at org.testng.internal.Invoker.invokeConfigurations(Invoker.java:144)
	at org.testng.internal.TestMethodWorker.invokeAfterClassMethods(TestMethodWorker.java:217)
	at org.testng.internal.TestMethodWorker.run(TestMethodWorker.java:115)
	at org.testng.TestRunner.privateRun(TestRunner.java:756)
	at org.testng.TestRunner.run(TestRunner.java:610)
	at org.testng.SuiteRunner.runTest(SuiteRunner.java:387)
	at org.testng.SuiteRunner.runSequentially(SuiteRunner.java:382)
	at org.testng.SuiteRunner.privateRun(SuiteRunner.java:340)
	at org.testng.SuiteRunner.run(SuiteRunner.java:289)
	at org.testng.SuiteRunnerWorker.runSuite(SuiteRunnerWorker.java:52)
	at org.testng.SuiteRunnerWorker.run(SuiteRunnerWorker.java:86)
	at org.testng.TestNG.runSuitesSequentially(TestNG.java:1293)
	at org.testng.TestNG.runSuitesLocally(TestNG.java:1218)
	at org.testng.TestNG.runSuites(TestNG.java:1133)
	at org.testng.TestNG.run(TestNG.java:1104)
	at org.testng.remote.AbstractRemoteTestNG.run(AbstractRemoteTestNG.java:132)
	at org.testng.remote.RemoteTestNG.initAndRun(RemoteTestNG.java:236)
	at org.testng.remote.RemoteTestNG.main(RemoteTestNG.java:81)
]]>
    </error>
  </testcase> <!-- afterClass -->
  <testcase name="test" time="0.078" classname="com.oribo.android365.testcase.StartAppiumTest">
    <skipped/>
  </testcase> <!-- test -->
  <testcase name="startApp" time="0.000" classname="com.oribo.android365.testcase.StartAppiumTest">
    <error type="org.openqa.selenium.WebDriverException" message="Error: write EPIPE&lt;br&gt; &amp;nbsp; &amp;nbsp;at exports._errnoException (util.js:1022:11)&lt;br&gt; &amp;nbsp; &amp;nbsp;at Socket._writeGeneric (net.js:712:26)&lt;br&gt; &amp;nbsp; &amp;nbsp;at Socket._write (net.js:731:8)&lt;br&gt; &amp;nbsp; &amp;nbsp;at doWrite (_stream_writable.js:334:12)&lt;br&gt; &amp;nbsp; &amp;nbsp;at writeOrBuffer (_stream_writable.js:320:5)&lt;br&gt; &amp;nbsp; &amp;nbsp;at Socket.Writable.write (_stream_writable.js:247:11)&lt;br&gt; &amp;nbsp; &amp;nbsp;at Socket.write (net.js:658:40)&lt;br&gt; &amp;nbsp; &amp;nbsp;at Console.log (C:\Users\test1\AppData\Roaming\npm\node_modules\appium\node_modules\.2.3.1@winston\lib\winston\transports\console.js:121:20)&lt;br&gt; &amp;nbsp; &amp;nbsp;at transportLog (C:\Users\test1\AppData\Roaming\npm\node_modules\appium\node_modules\.2.3.1@winston\lib\winston\logger.js:234:15)&lt;br&gt; &amp;nbsp; &amp;nbsp;at C:\Users\test1\AppData\Roaming\npm\node_modules\appium\node_modules\.1.0.0@async\lib\async.js:157:13&lt;br&gt; &amp;nbsp; &amp;nbsp;at _each (C:\Users\test1\AppData\Roaming\npm\node_modules\appium\node_modules\.1.0.0@async\lib\async.js:57:9)&lt;br&gt; &amp;nbsp; &amp;nbsp;at Object.async.each (C:\Users\test1\AppData\Roaming\npm\node_modules\appium\node_modules\.1.0.0@async\lib\async.js:156:9)&lt;br&gt; &amp;nbsp; &amp;nbsp;at Logger.log (C:\Users\test1\AppData\Roaming\npm\node_modules\appium\node_modules\.2.3.1@winston\lib\winston\logger.js:246:9)&lt;br&gt; &amp;nbsp; &amp;nbsp;at target.(anonymous function) [as info] (C:\Users\test1\AppData\Roaming\npm\node_modules\appium\node_modules\.2.3.1@winston\lib\winston\common.js:54:18)&lt;br&gt; &amp;nbsp; &amp;nbsp;at EventEmitter.&amp;lt;anonymous&amp;gt; (../../lib/logsink.js:199:25)&lt;br&gt; &amp;nbsp; &amp;nbsp;at emitOne (events.js:96:13)&lt;br&gt; &amp;nbsp; &amp;nbsp;at EventEmitter.emit (events.js:188:7)&lt;br&gt; &amp;nbsp; &amp;nbsp;at EventEmitter.&amp;lt;anonymous&amp;gt; (C:\Users\test1\AppData\Roaming\npm\node_modules\appium\node_modules\.2.0.4@npmlog\log.js:158:8)&lt;br&gt; &amp;nbsp; &amp;nbsp;at EventEmitter.&amp;lt;anonymous&amp;gt; (C:\Users\test1\AppData\Roaming\npm\node_modules\appium\node_modules\.2.0.4@npmlog\log.js:231:21)&lt;br&gt; &amp;nbsp; &amp;nbsp;at startLogFormatter.immediate (../../../lib/express/express-logging.js:51:7)&lt;br&gt; &amp;nbsp; &amp;nbsp;at logRequest (C:\Users\test1\AppData\Roaming\npm\node_modules\appium\node_modules\.1.8.1@morgan\index.js:122:18)&lt;br&gt; &amp;nbsp; &amp;nbsp;at logger (C:\Users\test1\AppData\Roaming\npm\node_modules\appium\node_modules\.1.8.1@morgan\index.js:135:7)&lt;br&gt; &amp;nbsp; &amp;nbsp;at Layer.handle [as handle_request] (C:\Users\test1\AppData\Roaming\npm\node_modules\appium\node_modules\.4.14.1@express\lib\router\layer.js:95:5)&lt;br&gt; &amp;nbsp; &amp;nbsp;at trim_prefix (C:\Users\test1\AppData\Roaming\npm\node_modules\appium\node_modules\.4.14.1@express\lib\router\index.js:312:13)&lt;br&gt; &amp;nbsp; &amp;nbsp;at C:\Users\test1\AppData\Roaming\npm\node_modules\appium\node_modules\.4.14.1@express\lib\router\index.js:280:7&lt;br&gt; &amp;nbsp; &amp;nbsp;at Function.process_params (C:\Users\test1\AppData\Roaming\npm\node_modules\appium\node_modules\.4.14.1@express\lib\router\index.js:330:12)&lt;br&gt; &amp;nbsp; &amp;nbsp;at next (C:\Users\test1\AppData\Roaming\npm\node_modules\appium\node_modules\.4.14.1@express\lib\router\index.js:271:10)&lt;br&gt; &amp;nbsp; &amp;nbsp;at C:\Users\test1\AppData\Roaming\npm\node_modules\appium\node_modules\.1.16.1@body-parser\lib\read.js:129:5&lt;br&gt; &amp;nbsp; &amp;nbsp;at invokeCallback (C:\Users\test1\AppData\Roaming\npm\node_modules\appium\node_modules\.2.2.0@raw-body\index.js:262:16)&lt;br&gt; &amp;nbsp; &amp;nbsp;at done (C:\Users\test1\AppData\Roaming\npm\node_modules\appium\node_modules\.2.2.0@raw-body\index.js:251:7)&lt;br&gt; &amp;nbsp; &amp;nbsp;at IncomingMessage.onEnd (C:\Users\test1\AppData\Roaming\npm\node_modules\appium\node_modules\.2.2.0@raw-body\index.js:307:7)&lt;br&gt; &amp;nbsp; &amp;nbsp;at emitNone (events.js:86:13)&lt;br&gt; &amp;nbsp; &amp;nbsp;at IncomingMessage.emit (events.js:185:7)&lt;br&gt; &amp;nbsp; &amp;nbsp;at endReadableNT (_stream_readable.js:974:12)
Command duration or timeout: 204 milliseconds
Build info: version: &#039;2.52.0&#039;, revision: &#039;4c2593c&#039;, time: &#039;2016-02-11 19:06:42&#039;
System info: host: &#039;test&#039;, ip: &#039;192.168.18.223&#039;, os.name: &#039;Windows 8.1&#039;, os.arch: &#039;amd64&#039;, os.version: &#039;6.3&#039;, java.version: &#039;1.8.0_31&#039;
Driver info: io.appium.java_client.android.AndroidDriver">
      <![CDATA[org.openqa.selenium.WebDriverException: Error: write EPIPE<br> &nbsp; &nbsp;at exports._errnoException (util.js:1022:11)<br> &nbsp; &nbsp;at Socket._writeGeneric (net.js:712:26)<br> &nbsp; &nbsp;at Socket._write (net.js:731:8)<br> &nbsp; &nbsp;at doWrite (_stream_writable.js:334:12)<br> &nbsp; &nbsp;at writeOrBuffer (_stream_writable.js:320:5)<br> &nbsp; &nbsp;at Socket.Writable.write (_stream_writable.js:247:11)<br> &nbsp; &nbsp;at Socket.write (net.js:658:40)<br> &nbsp; &nbsp;at Console.log (C:\Users\test1\AppData\Roaming\npm\node_modules\appium\node_modules\.2.3.1@winston\lib\winston\transports\console.js:121:20)<br> &nbsp; &nbsp;at transportLog (C:\Users\test1\AppData\Roaming\npm\node_modules\appium\node_modules\.2.3.1@winston\lib\winston\logger.js:234:15)<br> &nbsp; &nbsp;at C:\Users\test1\AppData\Roaming\npm\node_modules\appium\node_modules\.1.0.0@async\lib\async.js:157:13<br> &nbsp; &nbsp;at _each (C:\Users\test1\AppData\Roaming\npm\node_modules\appium\node_modules\.1.0.0@async\lib\async.js:57:9)<br> &nbsp; &nbsp;at Object.async.each (C:\Users\test1\AppData\Roaming\npm\node_modules\appium\node_modules\.1.0.0@async\lib\async.js:156:9)<br> &nbsp; &nbsp;at Logger.log (C:\Users\test1\AppData\Roaming\npm\node_modules\appium\node_modules\.2.3.1@winston\lib\winston\logger.js:246:9)<br> &nbsp; &nbsp;at target.(anonymous function) [as info] (C:\Users\test1\AppData\Roaming\npm\node_modules\appium\node_modules\.2.3.1@winston\lib\winston\common.js:54:18)<br> &nbsp; &nbsp;at EventEmitter.&lt;anonymous&gt; (../../lib/logsink.js:199:25)<br> &nbsp; &nbsp;at emitOne (events.js:96:13)<br> &nbsp; &nbsp;at EventEmitter.emit (events.js:188:7)<br> &nbsp; &nbsp;at EventEmitter.&lt;anonymous&gt; (C:\Users\test1\AppData\Roaming\npm\node_modules\appium\node_modules\.2.0.4@npmlog\log.js:158:8)<br> &nbsp; &nbsp;at EventEmitter.&lt;anonymous&gt; (C:\Users\test1\AppData\Roaming\npm\node_modules\appium\node_modules\.2.0.4@npmlog\log.js:231:21)<br> &nbsp; &nbsp;at startLogFormatter.immediate (../../../lib/express/express-logging.js:51:7)<br> &nbsp; &nbsp;at logRequest (C:\Users\test1\AppData\Roaming\npm\node_modules\appium\node_modules\.1.8.1@morgan\index.js:122:18)<br> &nbsp; &nbsp;at logger (C:\Users\test1\AppData\Roaming\npm\node_modules\appium\node_modules\.1.8.1@morgan\index.js:135:7)<br> &nbsp; &nbsp;at Layer.handle [as handle_request] (C:\Users\test1\AppData\Roaming\npm\node_modules\appium\node_modules\.4.14.1@express\lib\router\layer.js:95:5)<br> &nbsp; &nbsp;at trim_prefix (C:\Users\test1\AppData\Roaming\npm\node_modules\appium\node_modules\.4.14.1@express\lib\router\index.js:312:13)<br> &nbsp; &nbsp;at C:\Users\test1\AppData\Roaming\npm\node_modules\appium\node_modules\.4.14.1@express\lib\router\index.js:280:7<br> &nbsp; &nbsp;at Function.process_params (C:\Users\test1\AppData\Roaming\npm\node_modules\appium\node_modules\.4.14.1@express\lib\router\index.js:330:12)<br> &nbsp; &nbsp;at next (C:\Users\test1\AppData\Roaming\npm\node_modules\appium\node_modules\.4.14.1@express\lib\router\index.js:271:10)<br> &nbsp; &nbsp;at C:\Users\test1\AppData\Roaming\npm\node_modules\appium\node_modules\.1.16.1@body-parser\lib\read.js:129:5<br> &nbsp; &nbsp;at invokeCallback (C:\Users\test1\AppData\Roaming\npm\node_modules\appium\node_modules\.2.2.0@raw-body\index.js:262:16)<br> &nbsp; &nbsp;at done (C:\Users\test1\AppData\Roaming\npm\node_modules\appium\node_modules\.2.2.0@raw-body\index.js:251:7)<br> &nbsp; &nbsp;at IncomingMessage.onEnd (C:\Users\test1\AppData\Roaming\npm\node_modules\appium\node_modules\.2.2.0@raw-body\index.js:307:7)<br> &nbsp; &nbsp;at emitNone (events.js:86:13)<br> &nbsp; &nbsp;at IncomingMessage.emit (events.js:185:7)<br> &nbsp; &nbsp;at endReadableNT (_stream_readable.js:974:12)
Command duration or timeout: 204 milliseconds
Build info: version: '2.52.0', revision: '4c2593c', time: '2016-02-11 19:06:42'
System info: host: 'test', ip: '192.168.18.223', os.name: 'Windows 8.1', os.arch: 'amd64', os.version: '6.3', java.version: '1.8.0_31'
Driver info: io.appium.java_client.android.AndroidDriver
	at sun.reflect.NativeConstructorAccessorImpl.newInstance0(Native Method)
	at sun.reflect.NativeConstructorAccessorImpl.newInstance(Unknown Source)
	at sun.reflect.DelegatingConstructorAccessorImpl.newInstance(Unknown Source)
	at java.lang.reflect.Constructor.newInstance(Unknown Source)
	at org.openqa.selenium.remote.ErrorHandler.createThrowable(ErrorHandler.java:206)
	at org.openqa.selenium.remote.ErrorHandler.throwIfResponseFailed(ErrorHandler.java:158)
	at org.openqa.selenium.remote.RemoteWebDriver.execute(RemoteWebDriver.java:678)
	at io.appium.java_client.DefaultGenericMobileDriver.execute(DefaultGenericMobileDriver.java:42)
	at io.appium.java_client.AppiumDriver.execute(AppiumDriver.java:1)
	at io.appium.java_client.android.AndroidDriver.execute(AndroidDriver.java:1)
	at org.openqa.selenium.remote.RemoteWebDriver.startSession(RemoteWebDriver.java:249)
	at org.openqa.selenium.remote.RemoteWebDriver.<init>(RemoteWebDriver.java:131)
	at org.openqa.selenium.remote.RemoteWebDriver.<init>(RemoteWebDriver.java:144)
	at io.appium.java_client.DefaultGenericMobileDriver.<init>(DefaultGenericMobileDriver.java:37)
	at io.appium.java_client.AppiumDriver.<init>(AppiumDriver.java:161)
	at io.appium.java_client.AppiumDriver.<init>(AppiumDriver.java:170)
	at io.appium.java_client.android.AndroidDriver.<init>(AndroidDriver.java:82)
	at com.oribo.common.TestcaseFrame.testSetUp(TestcaseFrame.java:80)
	at com.oribo.android365.testcase.StartAppiumTest.startApp(StartAppiumTest.java:79)
	at sun.reflect.NativeMethodAccessorImpl.invoke0(Native Method)
	at sun.reflect.NativeMethodAccessorImpl.invoke(Unknown Source)
	at sun.reflect.DelegatingMethodAccessorImpl.invoke(Unknown Source)
	at java.lang.reflect.Method.invoke(Unknown Source)
	at org.testng.internal.MethodInvocationHelper.invokeMethod(MethodInvocationHelper.java:104)
	at org.testng.internal.Invoker.invokeConfigurationMethod(Invoker.java:515)
	at org.testng.internal.Invoker.invokeConfigurations(Invoker.java:217)
	at org.testng.internal.Invoker.invokeConfigurations(Invoker.java:144)
	at org.testng.TestRunner.beforeRun(TestRunner.java:634)
	at org.testng.TestRunner.run(TestRunner.java:602)
	at org.testng.SuiteRunner.runTest(SuiteRunner.java:387)
	at org.testng.SuiteRunner.runSequentially(SuiteRunner.java:382)
	at org.testng.SuiteRunner.privateRun(SuiteRunner.java:340)
	at org.testng.SuiteRunner.run(SuiteRunner.java:289)
	at org.testng.SuiteRunnerWorker.runSuite(SuiteRunnerWorker.java:52)
	at org.testng.SuiteRunnerWorker.run(SuiteRunnerWorker.java:86)
	at org.testng.TestNG.runSuitesSequentially(TestNG.java:1293)
	at org.testng.TestNG.runSuitesLocally(TestNG.java:1218)
	at org.testng.TestNG.runSuites(TestNG.java:1133)
	at org.testng.TestNG.run(TestNG.java:1104)
	at org.testng.remote.AbstractRemoteTestNG.run(AbstractRemoteTestNG.java:132)
	at org.testng.remote.RemoteTestNG.initAndRun(RemoteTestNG.java:236)
	at org.testng.remote.RemoteTestNG.main(RemoteTestNG.java:81)
]]>
    </error>
  </testcase> <!-- startApp -->
</testsuite> <!-- com.oribo.android365.testcase.StartAppiumTest -->
